Arguments: 
  /usr/local/Cellar/node/9.5.0/bin/node /usr/local/Cellar/yarn/1.3.2/libexec/bin/yarn.js

PATH: 
  /usr/local/bin:/usr/local/sbin:/usr/bin:/bin:/usr/sbin:/sbin:/Applications/Wireshark.app/Contents/MacOS

Yarn version: 
  1.3.2

Node version: 
  9.5.0

Platform: 
  darwin x64

npm manifest: 
  {
    "name": "pop-tap",
    "version": "1.0.0",
    "description": "a simple game",
    "main": "index.js",
    "scripts": {
      "test": "echo \"Error: no test specified\" && exit 1",
      "start": "parcel index.html",
      "build": "parcel build entry.js"
    },
    "repository": {
      "type": "git",
      "url": "git+https://github.com/CrazyVirusss/pop-tap.git"
    },
    "author": "CrazyVirus",
    "license": "ISC",
    "bugs": {
      "url": "https://github.com/CrazyVirusss/pop-tap/issues"
    },
    "homepage": "https://github.com/CrazyVirusss/pop-tap#readme",
    "dependencies": {
      "autoprefixer": "^8.1.0",
      "babel-preset-env": "^1.6.1",
      "babel-preset-es2015": "^6.24.1",
      "node-sass": "^4.7.2",
      "parcel-bundler": "^1.4.1",
      "popmotion": "^8.1.11",
      "postcss-modules": "^1.1.0",
      "react": "^16.2.0",
      "react-dom": "^16.2.0",
      "react-hot-loader": "^4.0.0",
      "react-imported-component": "^4.1.0",
      "react-router-config": "^1.0.0-beta.4",
      "react-router-dom": "^4.2.2",
      "react-router-redux": "^4.0.8",
    },
    "devDependencies": {
      "babel-preset-react": "^6.24.1"
    }
  }

yarn manifest: 
  No manifest

Lockfile: 
  No lockfile

Trace: 
  SyntaxError: /Users/weiyu/selfspace/pop-tap/package.json: Unexpected token } in JSON at position 1027
      at JSON.parse (<anonymous>)
      at /usr/local/Cellar/yarn/1.3.2/libexec/lib/cli.js:770:59
      at Generator.next (<anonymous>)
      at step (/usr/local/Cellar/yarn/1.3.2/libexec/lib/cli.js:92:30)
      at /usr/local/Cellar/yarn/1.3.2/libexec/lib/cli.js:103:13
      at <anonymous>
